0 info it worked if it ends with ok
1 verbose cli [ '/usr/bin/node', '/usr/bin/npm', 'install', 'firebug' ]
2 info using npm@1.4.28
3 info using node@v0.10.36
4 verbose node symlink /usr/bin/node
5 warn package.json nodePuzzle@1.0.0 No README data
6 verbose readDependencies using package.json deps
7 verbose cache add [ 'firebug', null ]
8 verbose cache add name=undefined spec="firebug" args=["firebug",null]
9 verbose parsed url { protocol: null,
9 verbose parsed url   slashes: null,
9 verbose parsed url   auth: null,
9 verbose parsed url   host: null,
9 verbose parsed url   port: null,
9 verbose parsed url   hostname: null,
9 verbose parsed url   hash: null,
9 verbose parsed url   search: null,
9 verbose parsed url   query: null,
9 verbose parsed url   pathname: 'firebug',
9 verbose parsed url   path: 'firebug',
9 verbose parsed url   href: 'firebug' }
10 silly lockFile 1832bac8-firebug firebug
11 verbose lock firebug /home/bundz/.npm/1832bac8-firebug.lock
12 silly lockFile 1832bac8-firebug firebug
13 silly lockFile 1832bac8-firebug firebug
14 verbose addNamed [ 'firebug', '' ]
15 verbose addNamed [ null, '*' ]
16 silly lockFile d95ddc0b-firebug firebug@
17 verbose lock firebug@ /home/bundz/.npm/d95ddc0b-firebug.lock
18 silly addNameRange { name: 'firebug', range: '*', hasData: false }
19 verbose request where is /firebug
20 verbose request registry https://registry.npmjs.org/
21 verbose request id 648695d8693ab583
22 verbose url raw /firebug
23 verbose url resolving [ 'https://registry.npmjs.org/', './firebug' ]
24 verbose url resolved https://registry.npmjs.org/firebug
25 verbose request where is https://registry.npmjs.org/firebug
26 info trying registry request attempt 1 at 23:35:33
27 http GET https://registry.npmjs.org/firebug
28 http 404 https://registry.npmjs.org/firebug
29 verbose headers { date: 'Thu, 19 Mar 2015 02:35:35 GMT',
29 verbose headers   server: 'CouchDB/1.5.0 (Erlang OTP/R16B03)',
29 verbose headers   'content-type': 'application/json',
29 verbose headers   'cache-control': 'max-age=0',
29 verbose headers   'content-length': '51',
29 verbose headers   'accept-ranges': 'bytes',
29 verbose headers   via: '1.1 varnish',
29 verbose headers   age: '0',
29 verbose headers   'x-served-by': 'cache-iad2139-IAD',
29 verbose headers   'x-cache': 'MISS',
29 verbose headers   'x-cache-hits': '0',
29 verbose headers   'x-timer': 'S1426732535.129591,VS0,VE60',
29 verbose headers   'keep-alive': 'timeout=10, max=50',
29 verbose headers   connection: 'Keep-Alive' }
30 silly registry.get cb [ 404,
30 silly registry.get   { date: 'Thu, 19 Mar 2015 02:35:35 GMT',
30 silly registry.get     server: 'CouchDB/1.5.0 (Erlang OTP/R16B03)',
30 silly registry.get     'content-type': 'application/json',
30 silly registry.get     'cache-control': 'max-age=0',
30 silly registry.get     'content-length': '51',
30 silly registry.get     'accept-ranges': 'bytes',
30 silly registry.get     via: '1.1 varnish',
30 silly registry.get     age: '0',
30 silly registry.get     'x-served-by': 'cache-iad2139-IAD',
30 silly registry.get     'x-cache': 'MISS',
30 silly registry.get     'x-cache-hits': '0',
30 silly registry.get     'x-timer': 'S1426732535.129591,VS0,VE60',
30 silly registry.get     'keep-alive': 'timeout=10, max=50',
30 silly registry.get     connection: 'Keep-Alive' } ]
31 silly lockFile d95ddc0b-firebug firebug@
32 silly lockFile d95ddc0b-firebug firebug@
33 error 404 404 Not Found: firebug
33 error 404
33 error 404 'firebug' is not in the npm registry.
33 error 404 You should bug the author to publish it
33 error 404 It was specified as a dependency of 'nodePuzzle'
33 error 404
33 error 404 Note that you can also install from a
33 error 404 tarball, folder, or http url, or git url.
34 error System Linux 3.13.0-46-generic
35 error command "/usr/bin/node" "/usr/bin/npm" "install" "firebug"
36 error cwd /home/bundz/Projects/nodePuzzle
37 error node -v v0.10.36
38 error npm -v 1.4.28
39 error code E404
40 verbose exit [ 1, true ]
